<?xml version="1.0" encoding="UTF-8"?>
<!-- Generated by org.testng.reporters.JUnitReportReporter -->
<testsuite skipped="0" hostname="Rahulingale" name="Myseleniumtool2.mavenjava2.AppTest" tests="1" failures="0" timestamp="2020-10-28T16:02:38 IST" time="0.009" errors="0">
  <testcase name="shouldAnswerWithTrue" time="0.009" classname="Myseleniumtool2.mavenjava2.AppTest"/>
  <system-out/>
</testsuite> <!-- Myseleniumtool2.mavenjava2.AppTest -->
