<?xml version="1.0" encoding="UTF-8"?>
<!-- Generated by org.testng.reporters.JUnitReportReporter -->
<testsuite skipped="0" hostname="Rahulingale" name="Myseleniumtool2.mavenjava2.RunTest" tests="2" failures="0" timestamp="2020-10-28T16:02:38 IST" time="0.000" errors="0">
  <testcase name="Seleniumjava" time="0.000" classname="Myseleniumtool2.mavenjava2.RunTest"/>
  <system-out/>
  <testcase name="Python" time="0.000" classname="Myseleniumtool2.mavenjava2.RunTest"/>
  <system-out/>
</testsuite> <!-- Myseleniumtool2.mavenjava2.RunTest -->
